<?xml version="1.0" encoding="UTF-8"?>
<!-- Generated by org.testng.reporters.JUnitReportReporter -->
<testsuite hostname="Snehas-MacBook-Pro.local" failures="0" tests="5" name="com.testNg.testcases.CreateAccountTest" time="65.379" errors="0" timestamp="2024-04-09T15:20:49 PDT" skipped="0">
  <testcase classname="com.testNg.testcases.CreateAccountTest" name="createNewAccount" time="13.033"/>
  <testcase classname="com.testNg.testcases.CreateAccountTest" name="mergeAccounts" time="18.739"/>
  <testcase classname="com.testNg.testcases.CreateAccountTest" name="createNewView" time="9.591"/>
  <testcase classname="com.testNg.testcases.CreateAccountTest" name="editView" time="10.867"/>
  <testcase classname="com.testNg.testcases.CreateAccountTest" name="createNewReport" time="13.149"/>
</testsuite> <!-- com.testNg.testcases.CreateAccountTest -->
