<?xml version="1.0" encoding="UTF-8"?>
<!-- Generated by org.testng.reporters.JUnitReportReporter -->
<testsuite hostname="Snehas-MacBook-Pro.local" failures="0" tests="5" name="com.testNg.testcases.LeadsTest" time="56.564" errors="0" timestamp="2024-04-09T15:20:49 PDT" skipped="0">
  <testcase classname="com.testNg.testcases.LeadsTest" name="leadsDropdownText" time="10.747"/>
  <testcase classname="com.testNg.testcases.LeadsTest" name="todaysLeadsView" time="9.532"/>
  <testcase classname="com.testNg.testcases.LeadsTest" name="newLead" time="11.557"/>
  <testcase classname="com.testNg.testcases.LeadsTest" name="leadsTab" time="8.324"/>
  <testcase classname="com.testNg.testcases.LeadsTest" name="todaysLeads" time="16.404"/>
</testsuite> <!-- com.testNg.testcases.LeadsTest -->
