<?xml version="1.0" encoding="UTF-8"?>
<!-- Generated by org.testng.reporters.JUnitReportReporter -->
<testsuite hostname="Snehas-MacBook-Pro.local" failures="0" tests="5" name="com.testNg.testcases.OpportunityTest" time="50.968" errors="0" timestamp="2024-04-09T15:20:49 PDT" skipped="0">
  <testcase classname="com.testNg.testcases.OpportunityTest" name="opportunityPipelineReport" time="9.639"/>
  <testcase classname="com.testNg.testcases.OpportunityTest" name="stuckOpportunityReport" time="9.389"/>
  <testcase classname="com.testNg.testcases.OpportunityTest" name="opportunitySummaryReport" time="10.116"/>
  <testcase classname="com.testNg.testcases.OpportunityTest" name="newOpportunity" time="13.063"/>
  <testcase classname="com.testNg.testcases.OpportunityTest" name="opportunitiesDropdown" time="8.761"/>
</testsuite> <!-- com.testNg.testcases.OpportunityTest -->
