<?xml version="1.0" encoding="UTF-8"?>
<!-- Generated by org.testng.reporters.JUnitReportReporter -->
<testsuite hostname="Snehas-MacBook-Pro.local" failures="0" tests="8" name="com.testNg.testcases.ContactsTest" time="81.778" errors="0" timestamp="2024-04-09T15:20:49 PDT" skipped="0">
  <testcase classname="com.testNg.testcases.ContactsTest" name="createNewContactView" time="10.453"/>
  <testcase classname="com.testNg.testcases.ContactsTest" name="saveAndNewContactButton" time="10.085"/>
  <testcase classname="com.testNg.testcases.ContactsTest" name="cancelContactViewButton" time="10.204"/>
  <testcase classname="com.testNg.testcases.ContactsTest" name="myContacts" time="9.162"/>
  <testcase classname="com.testNg.testcases.ContactsTest" name="errorMessageContacts" time="11.232"/>
  <testcase classname="com.testNg.testcases.ContactsTest" name="viewContact" time="10.692"/>
  <testcase classname="com.testNg.testcases.ContactsTest" name="recentlyCreatedContact" time="9.187"/>
  <testcase classname="com.testNg.testcases.ContactsTest" name="createNewContact" time="10.763"/>
</testsuite> <!-- com.testNg.testcases.ContactsTest -->
