<?xml version="1.0" encoding="UTF-8"?>
<!-- Generated by org.testng.reporters.JUnitReportReporter -->
<testsuite hostname="Snehas-MacBook-Pro.local" failures="0" tests="1" name="com.testNg.testcases.LoginTest" time="13.415" errors="0" timestamp="2024-05-06T13:50:49 PDT" skipped="0">
  <testcase classname="com.testNg.testcases.LoginTest" name="checkRememberMe" time="13.415"/>
</testsuite> <!-- com.testNg.testcases.LoginTest -->
