<?xml version="1.0" encoding="UTF-8"?>
<!-- Generated by org.testng.reporters.JUnitReportReporter -->
<testsuite hostname="Snehas-MacBook-Pro.local" failures="0" tests="5" name="com.testNg.testcases.RandomScenariosTest" time="67.995" errors="0" timestamp="2024-04-09T15:20:49 PDT" skipped="0">
  <testcase classname="com.testNg.testcases.RandomScenariosTest" name="verifyTab" time="16.155"/>
  <testcase classname="com.testNg.testcases.RandomScenariosTest" name="verifyFirstLastName" time="8.564"/>
  <testcase classname="com.testNg.testcases.RandomScenariosTest" name="weeklyRecurrence" time="13.906"/>
  <testcase classname="com.testNg.testcases.RandomScenariosTest" name="calendar" time="14.120"/>
  <testcase classname="com.testNg.testcases.RandomScenariosTest" name="editProfile" time="15.250"/>
</testsuite> <!-- com.testNg.testcases.RandomScenariosTest -->
