<?xml version="1.0" encoding="UTF-8"?>
<!-- Generated by org.testng.reporters.JUnitReportReporter -->
<testsuite hostname="Snehas-MacBook-Pro.local" failures="0" tests="5" name="com.testNg.testcases.UsermenuTest" time="80.919" errors="0" timestamp="2024-04-09T15:20:49 PDT" skipped="0">
  <testcase classname="com.testNg.testcases.UsermenuTest" name="MySettings" time="19.744"/>
  <testcase classname="com.testNg.testcases.UsermenuTest" name="MyProfile" time="28.465"/>
  <testcase classname="com.testNg.testcases.UsermenuTest" name="DeveloperConsole" time="8.626"/>
  <testcase classname="com.testNg.testcases.UsermenuTest" name="userMenuDropdown" time="15.504"/>
  <testcase classname="com.testNg.testcases.UsermenuTest" name="logout" time="8.580"/>
</testsuite> <!-- com.testNg.testcases.UsermenuTest -->
